<?xml version="1.0" encoding="UTF-8"?>
<!-- Generated by org.testng.reporters.JUnitReportReporter -->
<testsuite hostname="DESKTOP-PEB6PAH" failures="0" tests="2" name="tests.OrderofTestExecutionInTestNG" time="0.009" errors="0" timestamp="2023-08-08T12:41:48 EDT" skipped="0">
  <testcase classname="tests.OrderofTestExecutionInTestNG" name="testCase1" time="0.007"/>
  <system-out/>
  <testcase classname="tests.OrderofTestExecutionInTestNG" name="testCase2" time="0.002"/>
  <system-out/>
</testsuite> <!-- tests.OrderofTestExecutionInTestNG -->
