<?xml version="1.0" encoding="UTF-8"?>
<!-- Generated by org.testng.reporters.JUnitReportReporter -->
<testsuite hostname="DESKTOP-PEB6PAH" failures="0" tests="6" name="tests.TestNGIntegrationTest1" time="23.176" errors="0" timestamp="2023-08-21T11:52:25 EDT" skipped="0">
  <testcase classname="tests.TestNGIntegrationTest1" name="tc5" time="0.967"/>
  <system-out/>
  <testcase classname="tests.TestNGIntegrationTest1" name="tc1" time="0.020"/>
  <system-out/>
  <testcase classname="tests.TestNGIntegrationTest1" name="tc3" time="4.704"/>
  <system-out/>
  <testcase classname="tests.TestNGIntegrationTest1" name="tc2" time="0.734"/>
  <system-out/>
  <testcase classname="tests.TestNGIntegrationTest1" name="tc4" time="5.431"/>
  <system-out/>
  <testcase classname="tests.TestNGIntegrationTest1" name="tc6" time="11.320"/>
  <system-out/>
</testsuite> <!-- tests.TestNGIntegrationTest1 -->
