<?xml version="1.0" encoding="UTF-8"?>
<!-- Generated by org.testng.reporters.JUnitReportReporter -->
<testsuite hostname="DESKTOP-PEB6PAH" failures="0" tests="1" name="testNGPractice.day2" time="0.008" errors="0" timestamp="2023-08-04T15:12:44 EDT" skipped="0">
  <testcase classname="testNGPractice.day2" name="ploan" time="0.008"/>
  <system-out/>
</testsuite> <!-- testNGPractice.day2 -->
