<?xml version="1.0" encoding="UTF-8"?>
<!-- Generated by org.testng.reporters.JUnitReportReporter -->
<testsuite hostname="DESKTOP-PEB6PAH" failures="0" tests="2" name="testNGPractice.day1" time="0.002" errors="0" timestamp="2023-08-04T15:12:44 EDT" skipped="0">
  <testcase classname="testNGPractice.day1" name="demo2" time="0.001"/>
  <system-out/>
  <testcase classname="testNGPractice.day1" name="demo" time="0.001"/>
  <system-out/>
</testsuite> <!-- testNGPractice.day1 -->
